<<<<<<< HEAD
2026-01-29 15:18:28 Temp_Recorder_A 37.1
2026-01-29 15:18:28 Temp_Recorder_B 38.4
2026-01-29 15:18:29 Temp_Recorder_A 36.2
2026-01-29 15:18:29 Temp_Recorder_B 37.5
2026-01-29 15:18:30 Temp_Recorder_A 39.4
2026-01-29 15:18:30 Temp_Recorder_B 39.3
2026-01-29 15:18:31 Temp_Recorder_A 37.5
2026-01-29 15:18:31 Temp_Recorder_B 37.9
2026-01-29 15:18:32 Temp_Recorder_A 37.4
2026-01-29 15:18:32 Temp_Recorder_B 36.7
2026-01-29 15:18:33 Temp_Recorder_A 36.1
2026-01-29 15:18:33 Temp_Recorder_B 38.6
2026-01-29 15:18:34 Temp_Recorder_A 39.4
2026-01-29 15:18:34 Temp_Recorder_B 36.9
2026-01-29 15:18:35 Temp_Recorder_A 36.7
2026-01-29 15:18:35 Temp_Recorder_B 38.5
2026-01-29 15:18:36 Temp_Recorder_A 39.2
2026-01-29 15:18:36 Temp_Recorder_B 38.3
=======
2026-01-29 15:13:28 Temp_Recorder_A 38.4
2026-01-29 15:13:28 Temp_Recorder_B 38.8
2026-01-29 15:13:29 Temp_Recorder_A 36.7
2026-01-29 15:13:29 Temp_Recorder_B 39.1
2026-01-29 15:13:30 Temp_Recorder_A 36.9
2026-01-29 15:13:30 Temp_Recorder_B 36.6
2026-01-29 15:13:31 Temp_Recorder_A 36.8
2026-01-29 15:13:31 Temp_Recorder_B 38.6
2026-01-29 15:13:32 Temp_Recorder_A 38.1
2026-01-29 15:13:32 Temp_Recorder_B 37.2
2026-01-29 15:13:33 Temp_Recorder_A 38.5
2026-01-29 15:13:33 Temp_Recorder_B 38.0
2026-01-29 15:13:34 Temp_Recorder_A 36.9
2026-01-29 15:13:34 Temp_Recorder_B 38.4
>>>>>>> d32e6d32264e79d7f8e504f30546499ed8f59762
