<<<<<<< HEAD
2026-01-29 15:26:05 Temp_Recorder_A 39.5
2026-01-29 15:26:05 Temp_Recorder_B 36.8
2026-01-29 15:26:06 Temp_Recorder_A 36.7
2026-01-29 15:26:06 Temp_Recorder_B 37.4
2026-01-29 15:26:07 Temp_Recorder_A 38.0
2026-01-29 15:26:07 Temp_Recorder_B 36.6
2026-01-29 15:26:08 Temp_Recorder_A 37.2
2026-01-29 15:26:08 Temp_Recorder_B 38.4
2026-01-29 15:26:09 Temp_Recorder_A 38.4
2026-01-29 15:26:09 Temp_Recorder_B 39.5
2026-01-29 15:26:10 Temp_Recorder_A 36.7
2026-01-29 15:26:10 Temp_Recorder_B 37.5
2026-01-29 15:26:11 Temp_Recorder_A 36.2
2026-01-29 15:26:11 Temp_Recorder_B 38.9
2026-01-29 15:26:12 Temp_Recorder_A 37.2
2026-01-29 15:26:12 Temp_Recorder_B 38.3
2026-01-29 15:57:32 Temp_Recorder_A 38.1
2026-01-29 15:57:32 Temp_Recorder_B 36.3
2026-01-29 15:57:33 Temp_Recorder_A 36.4
2026-01-29 15:57:33 Temp_Recorder_B 36.0
2026-01-29 15:57:34 Temp_Recorder_A 38.6
2026-01-29 15:57:34 Temp_Recorder_B 36.0
2026-01-29 15:57:35 Temp_Recorder_A 38.3
2026-01-29 15:57:35 Temp_Recorder_B 38.5
2026-01-29 15:57:36 Temp_Recorder_A 37.7
2026-01-29 15:57:36 Temp_Recorder_B 36.1
2026-01-29 15:57:37 Temp_Recorder_A 39.0
2026-01-29 15:57:37 Temp_Recorder_B 36.3
=======
2026-01-29 16:09:24 Temp_Recorder_A 39.1
2026-01-29 16:09:24 Temp_Recorder_B 38.0
2026-01-29 16:09:25 Temp_Recorder_A 38.4
2026-01-29 16:09:25 Temp_Recorder_B 36.7
2026-01-29 16:09:26 Temp_Recorder_A 39.3
2026-01-29 16:09:26 Temp_Recorder_B 37.6
2026-01-29 16:09:27 Temp_Recorder_A 38.8
2026-01-29 16:09:27 Temp_Recorder_B 38.8
2026-01-29 16:09:28 Temp_Recorder_A 39.1
2026-01-29 16:09:28 Temp_Recorder_B 36.6
2026-01-29 16:09:29 Temp_Recorder_A 39.3
2026-01-29 16:09:29 Temp_Recorder_B 39.2
2026-01-29 16:09:30 Temp_Recorder_A 37.0
2026-01-29 16:09:30 Temp_Recorder_B 37.1
2026-01-29 16:09:31 Temp_Recorder_A 38.8
2026-01-29 16:09:31 Temp_Recorder_B 36.6
2026-01-29 16:09:32 Temp_Recorder_A 37.7
2026-01-29 16:09:32 Temp_Recorder_B 36.0
2026-01-29 16:09:33 Temp_Recorder_A 37.4
2026-01-29 16:09:33 Temp_Recorder_B 38.6
2026-01-29 16:09:34 Temp_Recorder_A 38.3
2026-01-29 16:09:34 Temp_Recorder_B 37.7
2026-01-29 16:09:35 Temp_Recorder_A 38.8
2026-01-29 16:09:35 Temp_Recorder_B 37.2
2026-01-29 16:09:36 Temp_Recorder_A 37.0
2026-01-29 16:09:36 Temp_Recorder_B 36.2
2026-01-29 16:09:37 Temp_Recorder_A 36.4
2026-01-29 16:09:37 Temp_Recorder_B 38.6
2026-01-29 16:09:38 Temp_Recorder_A 37.2
2026-01-29 16:09:38 Temp_Recorder_B 38.3
2026-01-29 16:09:39 Temp_Recorder_A 38.2
2026-01-29 16:09:39 Temp_Recorder_B 38.3
2026-01-29 16:09:40 Temp_Recorder_A 38.1
2026-01-29 16:09:40 Temp_Recorder_B 38.7
2026-01-29 16:09:41 Temp_Recorder_A 37.7
2026-01-29 16:09:41 Temp_Recorder_B 37.2
2026-01-29 16:09:42 Temp_Recorder_A 36.4
2026-01-29 16:09:42 Temp_Recorder_B 39.3
2026-01-29 16:09:43 Temp_Recorder_A 36.8
2026-01-29 16:09:43 Temp_Recorder_B 38.2
2026-01-29 16:09:44 Temp_Recorder_A 37.1
2026-01-29 16:09:44 Temp_Recorder_B 38.8
2026-01-29 16:09:45 Temp_Recorder_A 37.2
2026-01-29 16:09:45 Temp_Recorder_B 38.6
2026-01-29 16:09:46 Temp_Recorder_A 36.2
2026-01-29 16:09:46 Temp_Recorder_B 36.9
2026-01-29 16:09:47 Temp_Recorder_A 39.0
2026-01-29 16:09:47 Temp_Recorder_B 37.9
2026-01-29 16:09:48 Temp_Recorder_A 38.8
2026-01-29 16:09:48 Temp_Recorder_B 37.1
2026-01-29 16:09:49 Temp_Recorder_A 36.1
2026-01-29 16:09:49 Temp_Recorder_B 36.4
2026-01-29 16:09:50 Temp_Recorder_A 37.0
2026-01-29 16:09:50 Temp_Recorder_B 38.6
2026-01-29 16:09:51 Temp_Recorder_A 36.8
2026-01-29 16:09:51 Temp_Recorder_B 37.2
2026-01-29 16:09:52 Temp_Recorder_A 38.2
2026-01-29 16:09:52 Temp_Recorder_B 37.4
2026-01-29 16:09:53 Temp_Recorder_A 38.3
2026-01-29 16:09:53 Temp_Recorder_B 36.4
2026-01-29 16:09:54 Temp_Recorder_A 38.9
2026-01-29 16:09:54 Temp_Recorder_B 37.5
2026-01-29 16:09:55 Temp_Recorder_A 38.7
2026-01-29 16:09:55 Temp_Recorder_B 38.2
2026-01-29 16:09:56 Temp_Recorder_A 37.9
2026-01-29 16:09:56 Temp_Recorder_B 37.7
2026-01-29 16:09:57 Temp_Recorder_A 37.5
2026-01-29 16:09:57 Temp_Recorder_B 38.2
2026-01-29 16:09:58 Temp_Recorder_A 36.1
2026-01-29 16:09:58 Temp_Recorder_B 36.5
2026-01-29 16:09:59 Temp_Recorder_A 38.2
2026-01-29 16:09:59 Temp_Recorder_B 39.1
2026-01-29 16:10:00 Temp_Recorder_A 38.7
2026-01-29 16:10:00 Temp_Recorder_B 36.9
2026-01-29 16:10:01 Temp_Recorder_A 36.1
2026-01-29 16:10:01 Temp_Recorder_B 39.4
2026-01-29 16:10:02 Temp_Recorder_A 36.6
2026-01-29 16:10:02 Temp_Recorder_B 37.5
2026-01-29 16:10:03 Temp_Recorder_A 38.7
2026-01-29 16:10:03 Temp_Recorder_B 37.0
2026-01-29 16:10:04 Temp_Recorder_A 38.0
2026-01-29 16:10:04 Temp_Recorder_B 36.3
2026-01-29 16:10:05 Temp_Recorder_A 37.1
2026-01-29 16:10:05 Temp_Recorder_B 38.6
2026-01-29 16:10:06 Temp_Recorder_A 39.2
2026-01-29 16:10:06 Temp_Recorder_B 38.2
2026-01-29 16:10:07 Temp_Recorder_A 38.5
2026-01-29 16:10:07 Temp_Recorder_B 38.5
2026-01-29 16:10:08 Temp_Recorder_A 38.6
2026-01-29 16:10:08 Temp_Recorder_B 38.1
2026-01-29 16:10:09 Temp_Recorder_A 38.1
2026-01-29 16:10:09 Temp_Recorder_B 37.6
2026-01-29 16:10:10 Temp_Recorder_A 39.4
2026-01-29 16:10:10 Temp_Recorder_B 38.8
2026-01-29 16:10:11 Temp_Recorder_A 38.2
2026-01-29 16:10:11 Temp_Recorder_B 39.2
2026-01-29 16:10:12 Temp_Recorder_A 37.9
2026-01-29 16:10:12 Temp_Recorder_B 39.3
2026-01-29 16:10:13 Temp_Recorder_A 36.6
2026-01-29 16:10:13 Temp_Recorder_B 36.4
2026-01-29 16:10:14 Temp_Recorder_A 36.3
2026-01-29 16:10:14 Temp_Recorder_B 38.1
2026-01-29 16:10:15 Temp_Recorder_A 37.4
2026-01-29 16:10:15 Temp_Recorder_B 37.7
2026-01-29 16:10:16 Temp_Recorder_A 39.0
2026-01-29 16:10:16 Temp_Recorder_B 39.4
2026-01-29 16:10:17 Temp_Recorder_A 38.6
2026-01-29 16:10:17 Temp_Recorder_B 39.3
2026-01-29 16:10:18 Temp_Recorder_A 37.7
2026-01-29 16:10:18 Temp_Recorder_B 36.7
2026-01-29 16:10:19 Temp_Recorder_A 37.3
2026-01-29 16:10:19 Temp_Recorder_B 36.4
2026-01-29 16:10:20 Temp_Recorder_A 37.6
2026-01-29 16:10:20 Temp_Recorder_B 39.4
2026-01-29 16:10:21 Temp_Recorder_A 38.0
2026-01-29 16:10:21 Temp_Recorder_B 37.1
2026-01-29 16:10:22 Temp_Recorder_A 36.9
2026-01-29 16:10:22 Temp_Recorder_B 39.4
2026-01-29 16:10:23 Temp_Recorder_A 39.2
2026-01-29 16:10:23 Temp_Recorder_B 39.2
2026-01-29 16:10:24 Temp_Recorder_A 38.2
2026-01-29 16:10:24 Temp_Recorder_B 37.6
2026-01-29 16:10:25 Temp_Recorder_A 36.1
2026-01-29 16:10:25 Temp_Recorder_B 37.8
2026-01-29 16:10:26 Temp_Recorder_A 38.8
2026-01-29 16:10:26 Temp_Recorder_B 37.5
2026-01-29 16:10:27 Temp_Recorder_A 36.9
2026-01-29 16:10:27 Temp_Recorder_B 38.4
2026-01-29 16:10:28 Temp_Recorder_A 37.7
2026-01-29 16:10:28 Temp_Recorder_B 38.9
2026-01-29 16:10:29 Temp_Recorder_A 38.8
2026-01-29 16:10:29 Temp_Recorder_B 37.2
2026-01-29 16:10:30 Temp_Recorder_A 36.3
2026-01-29 16:10:30 Temp_Recorder_B 36.1
2026-01-29 16:10:31 Temp_Recorder_A 36.6
2026-01-29 16:10:31 Temp_Recorder_B 39.3
2026-01-29 16:10:32 Temp_Recorder_A 37.3
2026-01-29 16:10:32 Temp_Recorder_B 38.0
>>>>>>> d32e6d32264e79d7f8e504f30546499ed8f59762
